AutoDock Vina v1.2.3
#################################################################
# If you used AutoDock Vina in your work, please cite:          #
#                                                               #
# J. Eberhardt, D. Santos-Martins, A. F. Tillack, and S. Forli  #
# AutoDock Vina 1.2.0: New Docking Methods, Expanded Force      #
# Field, and Python Bindings, J. Chem. Inf. Model. (2021)       #
# DOI 10.1021/acs.jcim.1c00203                                  #
#                                                               #
# O. Trott, A. J. Olson,                                        #
# AutoDock Vina: improving the speed and accuracy of docking    #
# with a new scoring function, efficient optimization and       #
# multithreading, J. Comp. Chem. (2010)                         #
# DOI 10.1002/jcc.21334                                         #
#                                                               #
# Please see https://github.com/ccsb-scripps/AutoDock-Vina for  #
# more information.                                             #
#################################################################

Scoring function : vina
Rigid receptor: docking/receptor.pdbqt
Ligand: data/processed/ligands_pdbqt/8-hydroxyheptadeca-4_6-diyn-3-yl.pdbqt
Grid center: X 85.702 Y 54.18 Z 46.189
Grid size  : X 32 Y 32 Z 32
Grid space : 0.375
Exhaustiveness: 8
CPU: 0
Verbosity: 1

Computing Vina grid ... done.
Performing docking (random seed: -904950578) ... 
0%   10   20   30   40   50   60   70   80   90   100%
|----|----|----|----|----|----|----|----|----|----|
***************************************************

mode |   affinity | dist from best mode
     | (kcal/mol) | rmsd l.b.| rmsd u.b.
-----+------------+----------+----------
   1       -6.191          0          0
   2       -6.047       1.28       6.68
   3       -6.031      1.819      6.746
   4       -5.888      1.476      2.006
   5       -5.791      2.696      7.539
   6       -5.748       2.85      7.861
   7       -5.707      1.919       3.27
   8       -5.587      3.729      7.433
   9       -5.541      3.714      7.332

--- STDERR ---
WARNING: Search space volume is greater than 27000 Angstrom^3 (See FAQ)
