AutoDock Vina v1.2.3
#################################################################
# If you used AutoDock Vina in your work, please cite:          #
#                                                               #
# J. Eberhardt, D. Santos-Martins, A. F. Tillack, and S. Forli  #
# AutoDock Vina 1.2.0: New Docking Methods, Expanded Force      #
# Field, and Python Bindings, J. Chem. Inf. Model. (2021)       #
# DOI 10.1021/acs.jcim.1c00203                                  #
#                                                               #
# O. Trott, A. J. Olson,                                        #
# AutoDock Vina: improving the speed and accuracy of docking    #
# with a new scoring function, efficient optimization and       #
# multithreading, J. Comp. Chem. (2010)                         #
# DOI 10.1002/jcc.21334                                         #
#                                                               #
# Please see https://github.com/ccsb-scripps/AutoDock-Vina for  #
# more information.                                             #
#################################################################

Scoring function : vina
Rigid receptor: docking/receptor.pdbqt
Ligand: data/processed/ligands_pdbqt/benzyl.pdbqt
Grid center: X 85.702 Y 54.18 Z 46.189
Grid size  : X 32 Y 32 Z 32
Grid space : 0.375
Exhaustiveness: 8
CPU: 0
Verbosity: 1

Computing Vina grid ... done.
Performing docking (random seed: 1036283486) ... 
0%   10   20   30   40   50   60   70   80   90   100%
|----|----|----|----|----|----|----|----|----|----|
***************************************************

mode |   affinity | dist from best mode
     | (kcal/mol) | rmsd l.b.| rmsd u.b.
-----+------------+----------+----------
   1       -6.736          0          0
   2       -6.628      2.679      4.343
   3       -6.528      3.029      4.747
   4       -6.523     0.6092      5.853
   5       -6.065      3.596      5.595
   6       -6.005      5.139      7.859
   7       -5.976      3.298       6.14
   8       -5.971      7.991      10.34
   9       -5.964      3.152      4.184

--- STDERR ---
WARNING: Search space volume is greater than 27000 Angstrom^3 (See FAQ)
