AutoDock Vina v1.2.3
#################################################################
# If you used AutoDock Vina in your work, please cite:          #
#                                                               #
# J. Eberhardt, D. Santos-Martins, A. F. Tillack, and S. Forli  #
# AutoDock Vina 1.2.0: New Docking Methods, Expanded Force      #
# Field, and Python Bindings, J. Chem. Inf. Model. (2021)       #
# DOI 10.1021/acs.jcim.1c00203                                  #
#                                                               #
# O. Trott, A. J. Olson,                                        #
# AutoDock Vina: improving the speed and accuracy of docking    #
# with a new scoring function, efficient optimization and       #
# multithreading, J. Comp. Chem. (2010)                         #
# DOI 10.1002/jcc.21334                                         #
#                                                               #
# Please see https://github.com/ccsb-scripps/AutoDock-Vina for  #
# more information.                                             #
#################################################################

Scoring function : vina
Rigid receptor: docking/receptor.pdbqt
Ligand: data/processed/ligands_pdbqt/platambin-1_6-dione.pdbqt
Grid center: X 85.702 Y 54.18 Z 46.189
Grid size  : X 32 Y 32 Z 32
Grid space : 0.375
Exhaustiveness: 8
CPU: 0
Verbosity: 1

Computing Vina grid ... done.
Performing docking (random seed: 1122064508) ... 
0%   10   20   30   40   50   60   70   80   90   100%
|----|----|----|----|----|----|----|----|----|----|
***************************************************

mode |   affinity | dist from best mode
     | (kcal/mol) | rmsd l.b.| rmsd u.b.
-----+------------+----------+----------
   1        -7.26          0          0
   2       -7.159      2.109       4.85
   3       -7.083      1.854      4.417
   4       -7.049       1.79      2.885
   5       -6.944      1.856      4.673
   6       -6.675      1.929       2.38
   7       -6.581      5.054      7.123
   8       -6.555      2.539      4.364
   9       -6.455      3.585      6.721

--- STDERR ---
WARNING: Search space volume is greater than 27000 Angstrom^3 (See FAQ)
