AutoDock Vina v1.2.3
#################################################################
# If you used AutoDock Vina in your work, please cite:          #
#                                                               #
# J. Eberhardt, D. Santos-Martins, A. F. Tillack, and S. Forli  #
# AutoDock Vina 1.2.0: New Docking Methods, Expanded Force      #
# Field, and Python Bindings, J. Chem. Inf. Model. (2021)       #
# DOI 10.1021/acs.jcim.1c00203                                  #
#                                                               #
# O. Trott, A. J. Olson,                                        #
# AutoDock Vina: improving the speed and accuracy of docking    #
# with a new scoring function, efficient optimization and       #
# multithreading, J. Comp. Chem. (2010)                         #
# DOI 10.1002/jcc.21334                                         #
#                                                               #
# Please see https://github.com/ccsb-scripps/AutoDock-Vina for  #
# more information.                                             #
#################################################################

Scoring function : vina
Rigid receptor: docking/receptor.pdbqt
Ligand: data/processed/ligands_pdbqt/quebrachitol.pdbqt
Grid center: X 85.702 Y 54.18 Z 46.189
Grid size  : X 32 Y 32 Z 32
Grid space : 0.375
Exhaustiveness: 8
CPU: 0
Verbosity: 1

Computing Vina grid ... done.
Performing docking (random seed: 2102691267) ... 
0%   10   20   30   40   50   60   70   80   90   100%
|----|----|----|----|----|----|----|----|----|----|
***************************************************

mode |   affinity | dist from best mode
     | (kcal/mol) | rmsd l.b.| rmsd u.b.
-----+------------+----------+----------
   1        -4.94          0          0
   2       -4.783      11.21      12.83
   3       -4.707      22.95      24.44
   4       -4.691       11.9      12.78
   5        -4.67      23.14      24.38
   6       -4.652      11.55      13.52
   7       -4.636      22.98      24.92
   8       -4.574      22.75       24.2
   9       -4.525      22.96      24.34

--- STDERR ---
WARNING: Search space volume is greater than 27000 Angstrom^3 (See FAQ)
